  CREATE_STREAM @0 {NAME:mcdf_reg_stability_virtual_sequence T:Transactions SCOPE:uvm_test_top.env.virt_sqr STREAM:1865}
  CREATE_STREAM @0 {NAME:mcdf_reg_stability_virtual_sequence T:Transactions SCOPE:uvm_test_top.env.virt_sqr STREAM:1865}
  CREATE_STREAM @0 {NAME:mcdf_reg_stability_virtual_sequence T:Transactions SCOPE:uvm_test_top.env.virt_sqr STREAM:1865}
  CREATE_STREAM @235000 {NAME:mcdf_reg_stability_virtual_sequence T:Transactions SCOPE:uvm_test_top.env.reg_agt.sequencer STREAM:2189}
  CREATE_STREAM @0 {NAME:mcdf_reg_stability_virtual_sequence T:Transactions SCOPE:uvm_test_top.env.virt_sqr STREAM:1865}
  CREATE_STREAM @235000 {NAME:mcdf_reg_stability_virtual_sequence T:Transactions SCOPE:uvm_test_top.env.reg_agt.sequencer STREAM:2207}
  CREATE_STREAM @0 {NAME:mcdf_down_stream_low_bandwidth_virtual_sequence T:Transactions SCOPE:uvm_test_top.env.virt_sqr STREAM:1865}
  CREATE_STREAM @200000 {NAME:mcdf_down_stream_low_bandwidth_virtual_sequence T:Transactions SCOPE:uvm_test_top.env.reg_agt.sequencer STREAM:2163}
  CREATE_STREAM @215000 {NAME:mcdf_down_stream_low_bandwidth_virtual_sequence T:Transactions SCOPE:uvm_test_top.env.fmt_agt.sequencer STREAM:2201}
  CREATE_STREAM @215000 {NAME:mcdf_down_stream_low_bandwidth_virtual_sequence T:Transactions SCOPE:uvm_test_top.env.chnl_agts[0].sequencer STREAM:2227}
  CREATE_STREAM @215000 {NAME:mcdf_down_stream_low_bandwidth_virtual_sequence T:Transactions SCOPE:uvm_test_top.env.chnl_agts[1].sequencer STREAM:2238}
  CREATE_STREAM @215000 {NAME:mcdf_down_stream_low_bandwidth_virtual_sequence T:Transactions SCOPE:uvm_test_top.env.chnl_agts[2].sequencer STREAM:2249}
  CREATE_STREAM @0 {NAME:mcdf_reg_builtin_virtual_sequence T:Transactions SCOPE:uvm_test_top.env.virt_sqr STREAM:1865}
  CREATE_STREAM @105000 {NAME:uvm_reg_hw_reset_seq T:Transactions SCOPE:uvm_test_top.env.reg_agt.sequencer STREAM:1975}
  CREATE_STREAM @275000 {NAME:uvm_reg_bit_bash_seq T:Transactions SCOPE:uvm_test_top.env.reg_agt.sequencer STREAM:2169}
  CREATE_STREAM @11845000 {NAME:uvm_reg_access_seq T:Transactions SCOPE:uvm_test_top.env.reg_agt.sequencer STREAM:24111}
  CREATE_STREAM @0 {NAME:mcdf_reg_builtin_virtual_sequence T:Transactions SCOPE:uvm_test_top.env.virt_sqr STREAM:1865}
  CREATE_STREAM @105000 {NAME:uvm_reg_hw_reset_seq T:Transactions SCOPE:uvm_test_top.env.reg_agt.sequencer STREAM:1987}
  CREATE_STREAM @275000 {NAME:uvm_reg_bit_bash_seq T:Transactions SCOPE:uvm_test_top.env.reg_agt.sequencer STREAM:2181}
  CREATE_STREAM @11845000 {NAME:uvm_reg_access_seq T:Transactions SCOPE:uvm_test_top.env.reg_agt.sequencer STREAM:24123}
