  CREATE_STREAM @0 {NAME:jb_seq T:Transactions SCOPE:uvm_test_top.jb_env.jb_agent.jb_seqr STREAM:642}
  CREATE_STREAM @0 {NAME:jb_seq T:Transactions SCOPE:uvm_test_top.jb_env.jb_agent.jb_seqr STREAM:642}
  CREATE_STREAM @0 {NAME:jb_seq T:Transactions SCOPE:uvm_test_top.jb_env.jb_agent.jb_seqr STREAM:647}
  CREATE_STREAM @0 {NAME:jb_seq T:Transactions SCOPE:uvm_test_top.jb_env.jb_agent.jb_seqr STREAM:647}
  CREATE_STREAM @0 {NAME:jb_seq T:Transactions SCOPE:uvm_test_top.jb_env.jb_agent.jb_seqr STREAM:647}
  CREATE_STREAM @0 {NAME:jb_seq T:Transactions SCOPE:uvm_test_top.jb_env.jb_agent.jb_seqr STREAM:647}
  CREATE_STREAM @0 {NAME:jb_seq T:Transactions SCOPE:uvm_test_top.jb_env.jb_agent.jb_seqr STREAM:659}
  CREATE_STREAM @141 {NAME:oj_seq T:Transactions SCOPE:uvm_test_top.jb_env.jb_agent.jb_seqr STREAM:792}
  CREATE_STREAM @161 {NAME:sf_seq T:Transactions SCOPE:uvm_test_top.jb_env.jb_agent.jb_seqr STREAM:808}
  CREATE_STREAM @0 {NAME:oj_seq T:Transactions SCOPE:uvm_test_top.jb_env.jb_agent.jb_seqr STREAM:661}
  CREATE_STREAM @21 {NAME:sf_seq T:Transactions SCOPE:uvm_test_top.jb_env.jb_agent.jb_seqr STREAM:698}
  CREATE_STREAM @0 {NAME:jb_seq T:Transactions SCOPE:uvm_test_top.jb_env.jb_agent.jb_seqr STREAM:659}
  CREATE_STREAM @141 {NAME:oj_seq T:Transactions SCOPE:uvm_test_top.jb_env.jb_agent.jb_seqr STREAM:792}
  CREATE_STREAM @161 {NAME:sf_seq T:Transactions SCOPE:uvm_test_top.jb_env.jb_agent.jb_seqr STREAM:808}
  CREATE_STREAM @0 {NAME:oj_seq T:Transactions SCOPE:uvm_test_top.jb_env.jb_agent.jb_seqr STREAM:659}
  CREATE_STREAM @21 {NAME:sf_seq T:Transactions SCOPE:uvm_test_top.jb_env.jb_agent.jb_seqr STREAM:696}
  CREATE_STREAM @0 {NAME:oj_seq T:Transactions SCOPE:uvm_test_top.jb_env.jb_agent.jb_seqr STREAM:659}
  CREATE_STREAM @21 {NAME:sf_seq T:Transactions SCOPE:uvm_test_top.jb_env.jb_agent.jb_seqr STREAM:696}
  CREATE_STREAM @0 {NAME:oj_seq T:Transactions SCOPE:uvm_test_top.jb_env.jb_agent.jb_seqr STREAM:659}
  CREATE_STREAM @21 {NAME:sf_seq T:Transactions SCOPE:uvm_test_top.jb_env.jb_agent.jb_seqr STREAM:696}
  CREATE_STREAM @0 {NAME:oj_seq T:Transactions SCOPE:uvm_test_top.jb_env.jb_agent.jb_seqr STREAM:659}
  CREATE_STREAM @21 {NAME:sf_seq T:Transactions SCOPE:uvm_test_top.jb_env.jb_agent.jb_seqr STREAM:696}
  CREATE_STREAM @0 {NAME:oj_seq T:Transactions SCOPE:uvm_test_top.jb_env.jb_agent.jb_seqr STREAM:659}
  CREATE_STREAM @23 {NAME:sf_seq T:Transactions SCOPE:uvm_test_top.jb_env.jb_agent.jb_seqr STREAM:696}
  CREATE_STREAM @0 {NAME:oj_seq T:Transactions SCOPE:uvm_test_top.jb_env.jb_agent.jb_seqr STREAM:659}
  CREATE_STREAM @41 {NAME:sf_seq T:Transactions SCOPE:uvm_test_top.jb_env.jb_agent.jb_seqr STREAM:702}
  CREATE_STREAM @0 {NAME:jb_seq T:Transactions SCOPE:uvm_test_top.jb_env.jb_agent.jb_seqr STREAM:659}
  CREATE_STREAM @181 {NAME:oj_seq T:Transactions SCOPE:uvm_test_top.jb_env.jb_agent.jb_seqr STREAM:796}
  CREATE_STREAM @211 {NAME:sf_seq T:Transactions SCOPE:uvm_test_top.jb_env.jb_agent.jb_seqr STREAM:812}
  CREATE_STREAM @0 {NAME:jb_vseq T:Transactions SCOPE:uvm_test_top.jb_env.jb_agent1.jb_seqr STREAM:921}
  CREATE_STREAM @0 {NAME:jb_vseq T:Transactions SCOPE:uvm_test_top.jb_env.jb_agent2.jb_seqr STREAM:924}
  CREATE_STREAM @0 {NAME:reg_hw_reset_seq T:Transactions SCOPE:uvm_test_top.jb_env.jb_agent.jb_seqr STREAM:716}
  CREATE_STREAM @0 {NAME:reg_hw_reset_seq T:Transactions SCOPE:uvm_test_top.jb_env.jb_agent.jb_seqr STREAM:716}
  CREATE_STREAM @0 {NAME:jb_reg_seq T:Transactions SCOPE:uvm_test_top.jb_env.jb_agent.jb_seqr STREAM:716}
  CREATE_STREAM @0 {NAME:jb_reg_seq T:Transactions SCOPE:uvm_test_top.jb_env.jb_agent.jb_seqr STREAM:699}
  CREATE_STREAM @0 {NAME:jb_reg_seq T:Transactions SCOPE:uvm_test_top.jb_env.jb_agent.jb_seqr STREAM:699}
  CREATE_STREAM @0 {NAME:jb_reg_seq T:Transactions SCOPE:uvm_test_top.jb_env.jb_agent.jb_seqr STREAM:699}
  CREATE_STREAM @0 {NAME:jb_reg_seq T:Transactions SCOPE:uvm_test_top.jb_env.jb_agent.jb_seqr STREAM:699}
  CREATE_STREAM @0 {NAME:jb_reg_seq T:Transactions SCOPE:uvm_test_top.jb_env.jb_agent.jb_seqr STREAM:699}
  CREATE_STREAM @0 {NAME:jb_reg_seq T:Transactions SCOPE:uvm_test_top.jb_env.jb_agent.jb_seqr STREAM:699}
  CREATE_STREAM @0 {NAME:jb_reg_seq T:Transactions SCOPE:uvm_test_top.jb_env.jb_agent.jb_seqr STREAM:699}
  CREATE_STREAM @0 {NAME:jb_reg_seq T:Transactions SCOPE:uvm_test_top.jb_env.jb_agent.jb_seqr STREAM:699}
  CREATE_STREAM @0 {NAME:jb_reg_seq T:Transactions SCOPE:uvm_test_top.jb_env.jb_agent.jb_seqr STREAM:699}
  CREATE_STREAM @0 {NAME:jb_reg_seq T:Transactions SCOPE:uvm_test_top.jb_env.jb_agent.jb_seqr STREAM:699}
  CREATE_STREAM @0 {NAME:jb_seq T:Transactions SCOPE:uvm_test_top.jb_env.jb_agent.jb_seqr STREAM:710}
  CREATE_STREAM @0 {NAME:jb_reg_seq T:Transactions SCOPE:uvm_test_top.jb_env.jb_agent.jb_seqr STREAM:685}
  CREATE_STREAM @0 {NAME:jb_reg_seq T:Transactions SCOPE:uvm_test_top.jb_env.jb_agent.jb_seqr STREAM:685}
  CREATE_STREAM @0 {NAME:jb_reg_seq T:Transactions SCOPE:uvm_test_top.jb_env.jb_agent.jb_seqr STREAM:685}
  CREATE_STREAM @0 {NAME:jb_reg_seq T:Transactions SCOPE:uvm_test_top.jb_env.jb_agent.jb_seqr STREAM:685}
  CREATE_STREAM @0 {NAME:jb_reg_seq T:Transactions SCOPE:uvm_test_top.jb_env.jb_agent.jb_seqr STREAM:685}
  CREATE_STREAM @0 {NAME:jb_reg_seq T:Transactions SCOPE:uvm_test_top.jb_env.jb_agent.jb_seqr STREAM:685}
  CREATE_STREAM @0 {NAME:standard_order_seq T:Transactions SCOPE:uvm_test_top.jb_env.jb_agent.jb_seqr STREAM:658}
  CREATE_STREAM @0 {NAME:priority_order_seq1 T:Transactions SCOPE:uvm_test_top.jb_env.jb_agent.jb_seqr STREAM:661}
  CREATE_STREAM @0 {NAME:priority_order_seq2 T:Transactions SCOPE:uvm_test_top.jb_env.jb_agent.jb_seqr STREAM:663}
  CREATE_STREAM @0 {NAME:overnight_order_seq T:Transactions SCOPE:uvm_test_top.jb_env.jb_agent.jb_seqr STREAM:665}
  CREATE_STREAM @0 {NAME:standard_order_seq T:Transactions SCOPE:uvm_test_top.jb_env.jb_agent.jb_seqr STREAM:658}
  CREATE_STREAM @0 {NAME:priority_order_seq2 T:Transactions SCOPE:uvm_test_top.jb_env.jb_agent.jb_seqr STREAM:661}
  CREATE_STREAM @0 {NAME:priority_order_seq1 T:Transactions SCOPE:uvm_test_top.jb_env.jb_agent.jb_seqr STREAM:663}
  CREATE_STREAM @0 {NAME:overnight_order_seq T:Transactions SCOPE:uvm_test_top.jb_env.jb_agent.jb_seqr STREAM:665}
  CREATE_STREAM @0 {NAME:jb_seq T:Transactions SCOPE:uvm_test_top.jb_env.jb_agent.jb_seqr STREAM:643}
  CREATE_STREAM @0 {NAME:jb_seq T:Transactions SCOPE:uvm_test_top.jb_env.jb_agent.jb_seqr STREAM:643}
  CREATE_STREAM @0 {NAME:jb_seq T:Transactions SCOPE:uvm_test_top.jb_env.jb_agent.jb_seqr STREAM:643}
  CREATE_STREAM @0 {NAME:jb_seq T:Transactions SCOPE:uvm_test_top.jb_env.jb_agent.jb_seqr STREAM:643}
  CREATE_STREAM @0 {NAME:jb_seq T:Transactions SCOPE:uvm_test_top.jb_env.jb_agent.jb_seqr STREAM:643}
  CREATE_STREAM @0 {NAME:jb_seq T:Transactions SCOPE:uvm_test_top.jb_env.jb_agent.jb_seqr STREAM:643}
  CREATE_STREAM @0 {NAME:jb_seq T:Transactions SCOPE:uvm_test_top.jb_env.jb_agent.jb_seqr STREAM:643}
  CREATE_STREAM @0 {NAME:jb_seq T:Transactions SCOPE:uvm_test_top.jb_env.jb_agent.jb_seqr STREAM:643}
  CREATE_STREAM @0 {NAME:jb_seq T:Transactions SCOPE:uvm_test_top.jb_env.jb_agent.jb_seqr STREAM:643}
  CREATE_STREAM @0 {NAME:jb_reg_seq T:Transactions SCOPE:uvm_test_top.jb_env.jb_agent.jb_seqr STREAM:716}
  CREATE_STREAM @0 {NAME:jb_reg_seq T:Transactions SCOPE:uvm_test_top.jb_env.jb_agent.jb_seqr STREAM:716}
  CREATE_STREAM @0 {NAME:jb_seq T:Transactions SCOPE:uvm_test_top.jb_env.jb_agent.jb_seqr STREAM:642}
  CREATE_STREAM @0 {NAME:jb_seq T:Transactions SCOPE:uvm_test_top.jb_env.jb_agent.jb_seqr STREAM:642}
  CREATE_STREAM @0 {NAME:jb_seq T:Transactions SCOPE:uvm_test_top.jb_env.jb_agent.jb_seqr STREAM:642}
  CREATE_STREAM @0 {NAME:jb_seq T:Transactions SCOPE:uvm_test_top.jb_env.jb_agent.jb_seqr STREAM:642}
  CREATE_STREAM @0 {NAME:jb_seq T:Transactions SCOPE:uvm_test_top.jb_env.jb_agent.jb_seqr STREAM:642}
  CREATE_STREAM @0 {NAME:jb_seq T:Transactions SCOPE:uvm_test_top.jb_env.jb_agent.jb_seqr STREAM:642}
  CREATE_STREAM @0 {NAME:jb_seq T:Transactions SCOPE:uvm_test_top.jb_env.jb_agent.jb_seqr STREAM:642}
  CREATE_STREAM @0 {NAME:jb_seq T:Transactions SCOPE:uvm_test_top.jb_env.jb_agent.jb_seqr STREAM:642}
  CREATE_STREAM @0 {NAME:jb_seq T:Transactions SCOPE:uvm_test_top.jb_env.jb_agent.jb_seqr STREAM:642}
  CREATE_STREAM @0 {NAME:jb_seq T:Transactions SCOPE:uvm_test_top.jb_env.jb_agent.jb_seqr STREAM:642}
  CREATE_STREAM @0 {NAME:jb_seq T:Transactions SCOPE:uvm_test_top.jb_env.jb_agent.jb_seqr STREAM:642}
  CREATE_STREAM @0 {NAME:jb_seq T:Transactions SCOPE:uvm_test_top.jb_env.jb_agent.jb_seqr STREAM:642}
  CREATE_STREAM @0 {NAME:jb_seq T:Transactions SCOPE:uvm_test_top.jb_env.jb_agent.jb_seqr STREAM:642}
  CREATE_STREAM @0 {NAME:jb_seq T:Transactions SCOPE:uvm_test_top.jb_env.jb_agent.jb_seqr STREAM:642}
  CREATE_STREAM @0 {NAME:jb_seq T:Transactions SCOPE:uvm_test_top.jb_env.jb_agent.jb_seqr STREAM:642}
  CREATE_STREAM @0 {NAME:jb_seq T:Transactions SCOPE:uvm_test_top.jb_env.jb_agent.jb_seqr STREAM:642}
  CREATE_STREAM @0 {NAME:jb_seq T:Transactions SCOPE:uvm_test_top.jb_env.jb_agent.jb_seqr STREAM:642}
  CREATE_STREAM @0 {NAME:jb_seq T:Transactions SCOPE:uvm_test_top.jb_env.jb_agent.jb_seqr STREAM:642}
